<?xml version="1.0" encoding="UTF-8"?>
<testsuite xmlns:xsi="http://www.w3.org/2001/XMLSchema-instance" xsi:noNamespaceSchemaLocation="https://maven.apache.org/surefire/maven-surefire-plugin/xsd/surefire-test-report.xsd" name="application.endpoint.ConverterEndpointUnitTests" time="2.213" tests="6" errors="0" skipped="0" failures="0">
  <properties>
    <property name="awt.toolkit" value="sun.awt.X11.XToolkit"/>
    <property name="file.encoding.pkg" value="sun.io"/>
    <property name="java.specification.version" value="1.8"/>
    <property name="sun.cpu.isalist" value=""/>
    <property name="sun.jnu.encoding" value="UTF-8"/>
    <property name="java.class.path" value="/home/adam/Desktop/MATERIALY/springServicePrzayklad/mySoapWebservice/target/test-classes:/home/adam/Desktop/MATERIALY/springServicePrzayklad/mySoapWebservice/target/classes:/home/adam/.m2/repository/org/springframework/boot/spring-boot-starter-web-services/2.0.2.RELEASE/spring-boot-starter-web-services-2.0.2.RELEASE.jar:/home/adam/.m2/repository/org/springframework/boot/spring-boot-starter/2.0.2.RELEASE/spring-boot-starter-2.0.2.RELEASE.jar:/home/adam/.m2/repository/org/springframework/boot/spring-boot/2.0.2.RELEASE/spring-boot-2.0.2.RELEASE.jar:/home/adam/.m2/repository/org/springframework/boot/spring-boot-autoconfigure/2.0.2.RELEASE/spring-boot-autoconfigure-2.0.2.RELEASE.jar:/home/adam/.m2/repository/org/springframework/boot/spring-boot-starter-logging/2.0.2.RELEASE/spring-boot-starter-logging-2.0.2.RELEASE.jar:/home/adam/.m2/repository/ch/qos/logback/logback-classic/1.2.3/logback-classic-1.2.3.jar:/home/adam/.m2/repository/ch/qos/logback/logback-core/1.2.3/logback-core-1.2.3.jar:/home/adam/.m2/repository/org/apache/logging/log4j/log4j-to-slf4j/2.10.0/log4j-to-slf4j-2.10.0.jar:/home/adam/.m2/repository/org/apache/logging/log4j/log4j-api/2.10.0/log4j-api-2.10.0.jar:/home/adam/.m2/repository/org/slf4j/jul-to-slf4j/1.7.25/jul-to-slf4j-1.7.25.jar:/home/adam/.m2/repository/javax/annotation/javax.annotation-api/1.3.2/javax.annotation-api-1.3.2.jar:/home/adam/.m2/repository/org/yaml/snakeyaml/1.19/snakeyaml-1.19.jar:/home/adam/.m2/repository/org/springframework/boot/spring-boot-starter-web/2.0.2.RELEASE/spring-boot-starter-web-2.0.2.RELEASE.jar:/home/adam/.m2/repository/org/springframework/boot/spring-boot-starter-json/2.0.2.RELEASE/spring-boot-starter-json-2.0.2.RELEASE.jar:/home/adam/.m2/repository/com/fasterxml/jackson/core/jackson-databind/2.9.5/jackson-databind-2.9.5.jar:/home/adam/.m2/repository/com/fasterxml/jackson/core/jackson-annotations/2.9.0/jackson-annotations-2.9.0.jar:/home/adam/.m2/repository/com/fasterxml/jackson/core/jackson-core/2.9.5/jackson-core-2.9.5.jar:/home/adam/.m2/repository/com/fasterxml/jackson/datatype/jackson-datatype-jdk8/2.9.5/jackson-datatype-jdk8-2.9.5.jar:/home/adam/.m2/repository/com/fasterxml/jackson/datatype/jackson-datatype-jsr310/2.9.5/jackson-datatype-jsr310-2.9.5.jar:/home/adam/.m2/repository/com/fasterxml/jackson/module/jackson-module-parameter-names/2.9.5/jackson-module-parameter-names-2.9.5.jar:/home/adam/.m2/repository/org/springframework/boot/spring-boot-starter-tomcat/2.0.2.RELEASE/spring-boot-starter-tomcat-2.0.2.RELEASE.jar:/home/adam/.m2/repository/org/apache/tomcat/embed/tomcat-embed-core/8.5.31/tomcat-embed-core-8.5.31.jar:/home/adam/.m2/repository/org/apache/tomcat/embed/tomcat-embed-el/8.5.31/tomcat-embed-el-8.5.31.jar:/home/adam/.m2/repository/org/apache/tomcat/embed/tomcat-embed-websocket/8.5.31/tomcat-embed-websocket-8.5.31.jar:/home/adam/.m2/repository/org/hibernate/validator/hibernate-validator/6.0.9.Final/hibernate-validator-6.0.9.Final.jar:/home/adam/.m2/repository/javax/validation/validation-api/2.0.1.Final/validation-api-2.0.1.Final.jar:/home/adam/.m2/repository/org/jboss/logging/jboss-logging/3.3.2.Final/jboss-logging-3.3.2.Final.jar:/home/adam/.m2/repository/com/fasterxml/classmate/1.3.4/classmate-1.3.4.jar:/home/adam/.m2/repository/org/springframework/spring-web/5.0.6.RELEASE/spring-web-5.0.6.RELEASE.jar:/home/adam/.m2/repository/org/springframework/spring-webmvc/5.0.6.RELEASE/spring-webmvc-5.0.6.RELEASE.jar:/home/adam/.m2/repository/org/springframework/spring-oxm/5.0.6.RELEASE/spring-oxm-5.0.6.RELEASE.jar:/home/adam/.m2/repository/org/springframework/ws/spring-ws-core/3.0.1.RELEASE/spring-ws-core-3.0.1.RELEASE.jar:/home/adam/.m2/repository/org/springframework/spring-aop/5.0.6.RELEASE/spring-aop-5.0.6.RELEASE.jar:/home/adam/.m2/repository/wsdl4j/wsdl4j/1.6.3/wsdl4j-1.6.3.jar:/home/adam/.m2/repository/org/springframework/boot/spring-boot-starter-test/2.0.2.RELEASE/spring-boot-starter-test-2.0.2.RELEASE.jar:/home/adam/.m2/repository/org/springframework/boot/spring-boot-test/2.0.2.RELEASE/spring-boot-test-2.0.2.RELEASE.jar:/home/adam/.m2/repository/org/springframework/boot/spring-boot-test-autoconfigure/2.0.2.RELEASE/spring-boot-test-autoconfigure-2.0.2.RELEASE.jar:/home/adam/.m2/repository/com/jayway/jsonpath/json-path/2.4.0/json-path-2.4.0.jar:/home/adam/.m2/repository/net/minidev/json-smart/2.3/json-smart-2.3.jar:/home/adam/.m2/repository/net/minidev/accessors-smart/1.2/accessors-smart-1.2.jar:/home/adam/.m2/repository/org/ow2/asm/asm/5.0.4/asm-5.0.4.jar:/home/adam/.m2/repository/org/slf4j/slf4j-api/1.7.25/slf4j-api-1.7.25.jar:/home/adam/.m2/repository/junit/junit/4.12/junit-4.12.jar:/home/adam/.m2/repository/org/assertj/assertj-core/3.9.1/assertj-core-3.9.1.jar:/home/adam/.m2/repository/org/mockito/mockito-core/2.15.0/mockito-core-2.15.0.jar:/home/adam/.m2/repository/net/bytebuddy/byte-buddy/1.7.11/byte-buddy-1.7.11.jar:/home/adam/.m2/repository/net/bytebuddy/byte-buddy-agent/1.7.11/byte-buddy-agent-1.7.11.jar:/home/adam/.m2/repository/org/objenesis/objenesis/2.6/objenesis-2.6.jar:/home/adam/.m2/repository/org/hamcrest/hamcrest-core/1.3/hamcrest-core-1.3.jar:/home/adam/.m2/repository/org/hamcrest/hamcrest-library/1.3/hamcrest-library-1.3.jar:/home/adam/.m2/repository/org/skyscreamer/jsonassert/1.5.0/jsonassert-1.5.0.jar:/home/adam/.m2/repository/com/vaadin/external/google/android-json/0.0.20131108.vaadin1/android-json-0.0.20131108.vaadin1.jar:/home/adam/.m2/repository/org/springframework/spring-core/5.0.6.RELEASE/spring-core-5.0.6.RELEASE.jar:/home/adam/.m2/repository/org/springframework/spring-jcl/5.0.6.RELEASE/spring-jcl-5.0.6.RELEASE.jar:/home/adam/.m2/repository/org/springframework/spring-test/5.0.6.RELEASE/spring-test-5.0.6.RELEASE.jar:/home/adam/.m2/repository/org/xmlunit/xmlunit-core/2.5.1/xmlunit-core-2.5.1.jar:/home/adam/.m2/repository/log4j/log4j/1.2.17/log4j-1.2.17.jar:/home/adam/.m2/repository/org/springframework/ws/spring-ws-security/3.0.1.RELEASE/spring-ws-security-3.0.1.RELEASE.jar:/home/adam/.m2/repository/org/springframework/ws/spring-xml/3.0.1.RELEASE/spring-xml-3.0.1.RELEASE.jar:/home/adam/.m2/repository/org/springframework/spring-context/5.0.6.RELEASE/spring-context-5.0.6.RELEASE.jar:/home/adam/.m2/repository/org/springframework/spring-beans/5.0.6.RELEASE/spring-beans-5.0.6.RELEASE.jar:/home/adam/.m2/repository/org/springframework/spring-tx/5.0.6.RELEASE/spring-tx-5.0.6.RELEASE.jar:/home/adam/.m2/repository/org/springframework/security/spring-security-core/5.0.5.RELEASE/spring-security-core-5.0.5.RELEASE.jar:/home/adam/.m2/repository/org/springframework/spring-expression/5.0.6.RELEASE/spring-expression-5.0.6.RELEASE.jar:/home/adam/.m2/repository/net/sf/ehcache/ehcache/2.10.4/ehcache-2.10.4.jar:/home/adam/.m2/repository/org/apache/wss4j/wss4j-ws-security-dom/2.2.0/wss4j-ws-security-dom-2.2.0.jar:/home/adam/.m2/repository/org/apache/wss4j/wss4j-ws-security-common/2.2.0/wss4j-ws-security-common-2.2.0.jar:/home/adam/.m2/repository/org/opensaml/opensaml-saml-impl/3.3.0/opensaml-saml-impl-3.3.0.jar:/home/adam/.m2/repository/org/opensaml/opensaml-profile-api/3.3.0/opensaml-profile-api-3.3.0.jar:/home/adam/.m2/repository/org/opensaml/opensaml-core/3.3.0/opensaml-core-3.3.0.jar:/home/adam/.m2/repository/io/dropwizard/metrics/metrics-core/3.2.6/metrics-core-3.2.6.jar:/home/adam/.m2/repository/org/opensaml/opensaml-saml-api/3.3.0/opensaml-saml-api-3.3.0.jar:/home/adam/.m2/repository/org/opensaml/opensaml-xmlsec-api/3.3.0/opensaml-xmlsec-api-3.3.0.jar:/home/adam/.m2/repository/org/opensaml/opensaml-soap-api/3.3.0/opensaml-soap-api-3.3.0.jar:/home/adam/.m2/repository/org/opensaml/opensaml-security-impl/3.3.0/opensaml-security-impl-3.3.0.jar:/home/adam/.m2/repository/org/opensaml/opensaml-security-api/3.3.0/opensaml-security-api-3.3.0.jar:/home/adam/.m2/repository/org/cryptacular/cryptacular/1.1.1/cryptacular-1.1.1.jar:/home/adam/.m2/repository/org/bouncycastle/bcprov-jdk15on/1.54/bcprov-jdk15on-1.54.jar:/home/adam/.m2/repository/org/opensaml/opensaml-xmlsec-impl/3.3.0/opensaml-xmlsec-impl-3.3.0.jar:/home/adam/.m2/repository/net/shibboleth/utilities/java-support/7.3.0/java-support-7.3.0.jar:/home/adam/.m2/repository/com/google/guava/guava/19.0/guava-19.0.jar:/home/adam/.m2/repository/commons-codec/commons-codec/1.11/commons-codec-1.11.jar:/home/adam/.m2/repository/org/opensaml/opensaml-xacml-impl/3.3.0/opensaml-xacml-impl-3.3.0.jar:/home/adam/.m2/repository/org/opensaml/opensaml-xacml-api/3.3.0/opensaml-xacml-api-3.3.0.jar:/home/adam/.m2/repository/org/opensaml/opensaml-xacml-saml-impl/3.3.0/opensaml-xacml-saml-impl-3.3.0.jar:/home/adam/.m2/repository/org/opensaml/opensaml-xacml-saml-api/3.3.0/opensaml-xacml-saml-api-3.3.0.jar:/home/adam/.m2/repository/org/jasypt/jasypt/1.9.2/jasypt-1.9.2.jar:/home/adam/.m2/repository/org/apache/geronimo/javamail/geronimo-javamail_1.4_mail/1.8.4/geronimo-javamail_1.4_mail-1.8.4.jar:/home/adam/.m2/repository/commons-io/commons-io/2.5/commons-io-2.5.jar:/home/adam/.m2/repository/org/apache/ws/security/wss4j/1.6.19/wss4j-1.6.19.jar:/home/adam/.m2/repository/commons-logging/commons-logging/1.1.1/commons-logging-1.1.1.jar:/home/adam/.m2/repository/org/apache/santuario/xmlsec/1.5.8/xmlsec-1.5.8.jar:/home/adam/.m2/repository/org/opensaml/opensaml/2.5.1-1/opensaml-2.5.1-1.jar:/home/adam/.m2/repository/org/opensaml/openws/1.4.2-1/openws-1.4.2-1.jar:/home/adam/.m2/repository/org/opensaml/xmltooling/1.3.2-1/xmltooling-1.3.2-1.jar:/home/adam/.m2/repository/joda-time/joda-time/2.9.9/joda-time-2.9.9.jar:"/>
    <property name="java.vm.vendor" value="Oracle Corporation"/>
    <property name="sun.arch.data.model" value="64"/>
    <property name="java.vendor.url" value="http://java.oracle.com/"/>
    <property name="user.timezone" value=""/>
    <property name="java.vm.specification.version" value="1.8"/>
    <property name="os.name" value="Linux"/>
    <property name="user.country" value="US"/>
    <property name="sun.java.launcher" value="SUN_STANDARD"/>
    <property name="sun.boot.library.path" value="/home/adam/javaversions/jdk1.8.0_151/jre/lib/amd64"/>
    <property name="sun.java.command" value="/home/adam/Desktop/MATERIALY/springServicePrzayklad/mySoapWebservice/target/surefire/surefirebooter4303391190768668942.jar /home/adam/Desktop/MATERIALY/springServicePrzayklad/mySoapWebservice/target/surefire 2018-06-04T16-48-53_428-jvmRun1 surefire2828866479171298944tmp surefire_03376779602102731526tmp"/>
    <property name="surefire.test.class.path" value="/home/adam/Desktop/MATERIALY/springServicePrzayklad/mySoapWebservice/target/test-classes:/home/adam/Desktop/MATERIALY/springServicePrzayklad/mySoapWebservice/target/classes:/home/adam/.m2/repository/org/springframework/boot/spring-boot-starter-web-services/2.0.2.RELEASE/spring-boot-starter-web-services-2.0.2.RELEASE.jar:/home/adam/.m2/repository/org/springframework/boot/spring-boot-starter/2.0.2.RELEASE/spring-boot-starter-2.0.2.RELEASE.jar:/home/adam/.m2/repository/org/springframework/boot/spring-boot/2.0.2.RELEASE/spring-boot-2.0.2.RELEASE.jar:/home/adam/.m2/repository/org/springframework/boot/spring-boot-autoconfigure/2.0.2.RELEASE/spring-boot-autoconfigure-2.0.2.RELEASE.jar:/home/adam/.m2/repository/org/springframework/boot/spring-boot-starter-logging/2.0.2.RELEASE/spring-boot-starter-logging-2.0.2.RELEASE.jar:/home/adam/.m2/repository/ch/qos/logback/logback-classic/1.2.3/logback-classic-1.2.3.jar:/home/adam/.m2/repository/ch/qos/logback/logback-core/1.2.3/logback-core-1.2.3.jar:/home/adam/.m2/repository/org/apache/logging/log4j/log4j-to-slf4j/2.10.0/log4j-to-slf4j-2.10.0.jar:/home/adam/.m2/repository/org/apache/logging/log4j/log4j-api/2.10.0/log4j-api-2.10.0.jar:/home/adam/.m2/repository/org/slf4j/jul-to-slf4j/1.7.25/jul-to-slf4j-1.7.25.jar:/home/adam/.m2/repository/javax/annotation/javax.annotation-api/1.3.2/javax.annotation-api-1.3.2.jar:/home/adam/.m2/repository/org/yaml/snakeyaml/1.19/snakeyaml-1.19.jar:/home/adam/.m2/repository/org/springframework/boot/spring-boot-starter-web/2.0.2.RELEASE/spring-boot-starter-web-2.0.2.RELEASE.jar:/home/adam/.m2/repository/org/springframework/boot/spring-boot-starter-json/2.0.2.RELEASE/spring-boot-starter-json-2.0.2.RELEASE.jar:/home/adam/.m2/repository/com/fasterxml/jackson/core/jackson-databind/2.9.5/jackson-databind-2.9.5.jar:/home/adam/.m2/repository/com/fasterxml/jackson/core/jackson-annotations/2.9.0/jackson-annotations-2.9.0.jar:/home/adam/.m2/repository/com/fasterxml/jackson/core/jackson-core/2.9.5/jackson-core-2.9.5.jar:/home/adam/.m2/repository/com/fasterxml/jackson/datatype/jackson-datatype-jdk8/2.9.5/jackson-datatype-jdk8-2.9.5.jar:/home/adam/.m2/repository/com/fasterxml/jackson/datatype/jackson-datatype-jsr310/2.9.5/jackson-datatype-jsr310-2.9.5.jar:/home/adam/.m2/repository/com/fasterxml/jackson/module/jackson-module-parameter-names/2.9.5/jackson-module-parameter-names-2.9.5.jar:/home/adam/.m2/repository/org/springframework/boot/spring-boot-starter-tomcat/2.0.2.RELEASE/spring-boot-starter-tomcat-2.0.2.RELEASE.jar:/home/adam/.m2/repository/org/apache/tomcat/embed/tomcat-embed-core/8.5.31/tomcat-embed-core-8.5.31.jar:/home/adam/.m2/repository/org/apache/tomcat/embed/tomcat-embed-el/8.5.31/tomcat-embed-el-8.5.31.jar:/home/adam/.m2/repository/org/apache/tomcat/embed/tomcat-embed-websocket/8.5.31/tomcat-embed-websocket-8.5.31.jar:/home/adam/.m2/repository/org/hibernate/validator/hibernate-validator/6.0.9.Final/hibernate-validator-6.0.9.Final.jar:/home/adam/.m2/repository/javax/validation/validation-api/2.0.1.Final/validation-api-2.0.1.Final.jar:/home/adam/.m2/repository/org/jboss/logging/jboss-logging/3.3.2.Final/jboss-logging-3.3.2.Final.jar:/home/adam/.m2/repository/com/fasterxml/classmate/1.3.4/classmate-1.3.4.jar:/home/adam/.m2/repository/org/springframework/spring-web/5.0.6.RELEASE/spring-web-5.0.6.RELEASE.jar:/home/adam/.m2/repository/org/springframework/spring-webmvc/5.0.6.RELEASE/spring-webmvc-5.0.6.RELEASE.jar:/home/adam/.m2/repository/org/springframework/spring-oxm/5.0.6.RELEASE/spring-oxm-5.0.6.RELEASE.jar:/home/adam/.m2/repository/org/springframework/ws/spring-ws-core/3.0.1.RELEASE/spring-ws-core-3.0.1.RELEASE.jar:/home/adam/.m2/repository/org/springframework/spring-aop/5.0.6.RELEASE/spring-aop-5.0.6.RELEASE.jar:/home/adam/.m2/repository/wsdl4j/wsdl4j/1.6.3/wsdl4j-1.6.3.jar:/home/adam/.m2/repository/org/springframework/boot/spring-boot-starter-test/2.0.2.RELEASE/spring-boot-starter-test-2.0.2.RELEASE.jar:/home/adam/.m2/repository/org/springframework/boot/spring-boot-test/2.0.2.RELEASE/spring-boot-test-2.0.2.RELEASE.jar:/home/adam/.m2/repository/org/springframework/boot/spring-boot-test-autoconfigure/2.0.2.RELEASE/spring-boot-test-autoconfigure-2.0.2.RELEASE.jar:/home/adam/.m2/repository/com/jayway/jsonpath/json-path/2.4.0/json-path-2.4.0.jar:/home/adam/.m2/repository/net/minidev/json-smart/2.3/json-smart-2.3.jar:/home/adam/.m2/repository/net/minidev/accessors-smart/1.2/accessors-smart-1.2.jar:/home/adam/.m2/repository/org/ow2/asm/asm/5.0.4/asm-5.0.4.jar:/home/adam/.m2/repository/org/slf4j/slf4j-api/1.7.25/slf4j-api-1.7.25.jar:/home/adam/.m2/repository/junit/junit/4.12/junit-4.12.jar:/home/adam/.m2/repository/org/assertj/assertj-core/3.9.1/assertj-core-3.9.1.jar:/home/adam/.m2/repository/org/mockito/mockito-core/2.15.0/mockito-core-2.15.0.jar:/home/adam/.m2/repository/net/bytebuddy/byte-buddy/1.7.11/byte-buddy-1.7.11.jar:/home/adam/.m2/repository/net/bytebuddy/byte-buddy-agent/1.7.11/byte-buddy-agent-1.7.11.jar:/home/adam/.m2/repository/org/objenesis/objenesis/2.6/objenesis-2.6.jar:/home/adam/.m2/repository/org/hamcrest/hamcrest-core/1.3/hamcrest-core-1.3.jar:/home/adam/.m2/repository/org/hamcrest/hamcrest-library/1.3/hamcrest-library-1.3.jar:/home/adam/.m2/repository/org/skyscreamer/jsonassert/1.5.0/jsonassert-1.5.0.jar:/home/adam/.m2/repository/com/vaadin/external/google/android-json/0.0.20131108.vaadin1/android-json-0.0.20131108.vaadin1.jar:/home/adam/.m2/repository/org/springframework/spring-core/5.0.6.RELEASE/spring-core-5.0.6.RELEASE.jar:/home/adam/.m2/repository/org/springframework/spring-jcl/5.0.6.RELEASE/spring-jcl-5.0.6.RELEASE.jar:/home/adam/.m2/repository/org/springframework/spring-test/5.0.6.RELEASE/spring-test-5.0.6.RELEASE.jar:/home/adam/.m2/repository/org/xmlunit/xmlunit-core/2.5.1/xmlunit-core-2.5.1.jar:/home/adam/.m2/repository/log4j/log4j/1.2.17/log4j-1.2.17.jar:/home/adam/.m2/repository/org/springframework/ws/spring-ws-security/3.0.1.RELEASE/spring-ws-security-3.0.1.RELEASE.jar:/home/adam/.m2/repository/org/springframework/ws/spring-xml/3.0.1.RELEASE/spring-xml-3.0.1.RELEASE.jar:/home/adam/.m2/repository/org/springframework/spring-context/5.0.6.RELEASE/spring-context-5.0.6.RELEASE.jar:/home/adam/.m2/repository/org/springframework/spring-beans/5.0.6.RELEASE/spring-beans-5.0.6.RELEASE.jar:/home/adam/.m2/repository/org/springframework/spring-tx/5.0.6.RELEASE/spring-tx-5.0.6.RELEASE.jar:/home/adam/.m2/repository/org/springframework/security/spring-security-core/5.0.5.RELEASE/spring-security-core-5.0.5.RELEASE.jar:/home/adam/.m2/repository/org/springframework/spring-expression/5.0.6.RELEASE/spring-expression-5.0.6.RELEASE.jar:/home/adam/.m2/repository/net/sf/ehcache/ehcache/2.10.4/ehcache-2.10.4.jar:/home/adam/.m2/repository/org/apache/wss4j/wss4j-ws-security-dom/2.2.0/wss4j-ws-security-dom-2.2.0.jar:/home/adam/.m2/repository/org/apache/wss4j/wss4j-ws-security-common/2.2.0/wss4j-ws-security-common-2.2.0.jar:/home/adam/.m2/repository/org/opensaml/opensaml-saml-impl/3.3.0/opensaml-saml-impl-3.3.0.jar:/home/adam/.m2/repository/org/opensaml/opensaml-profile-api/3.3.0/opensaml-profile-api-3.3.0.jar:/home/adam/.m2/repository/org/opensaml/opensaml-core/3.3.0/opensaml-core-3.3.0.jar:/home/adam/.m2/repository/io/dropwizard/metrics/metrics-core/3.2.6/metrics-core-3.2.6.jar:/home/adam/.m2/repository/org/opensaml/opensaml-saml-api/3.3.0/opensaml-saml-api-3.3.0.jar:/home/adam/.m2/repository/org/opensaml/opensaml-xmlsec-api/3.3.0/opensaml-xmlsec-api-3.3.0.jar:/home/adam/.m2/repository/org/opensaml/opensaml-soap-api/3.3.0/opensaml-soap-api-3.3.0.jar:/home/adam/.m2/repository/org/opensaml/opensaml-security-impl/3.3.0/opensaml-security-impl-3.3.0.jar:/home/adam/.m2/repository/org/opensaml/opensaml-security-api/3.3.0/opensaml-security-api-3.3.0.jar:/home/adam/.m2/repository/org/cryptacular/cryptacular/1.1.1/cryptacular-1.1.1.jar:/home/adam/.m2/repository/org/bouncycastle/bcprov-jdk15on/1.54/bcprov-jdk15on-1.54.jar:/home/adam/.m2/repository/org/opensaml/opensaml-xmlsec-impl/3.3.0/opensaml-xmlsec-impl-3.3.0.jar:/home/adam/.m2/repository/net/shibboleth/utilities/java-support/7.3.0/java-support-7.3.0.jar:/home/adam/.m2/repository/com/google/guava/guava/19.0/guava-19.0.jar:/home/adam/.m2/repository/commons-codec/commons-codec/1.11/commons-codec-1.11.jar:/home/adam/.m2/repository/org/opensaml/opensaml-xacml-impl/3.3.0/opensaml-xacml-impl-3.3.0.jar:/home/adam/.m2/repository/org/opensaml/opensaml-xacml-api/3.3.0/opensaml-xacml-api-3.3.0.jar:/home/adam/.m2/repository/org/opensaml/opensaml-xacml-saml-impl/3.3.0/opensaml-xacml-saml-impl-3.3.0.jar:/home/adam/.m2/repository/org/opensaml/opensaml-xacml-saml-api/3.3.0/opensaml-xacml-saml-api-3.3.0.jar:/home/adam/.m2/repository/org/jasypt/jasypt/1.9.2/jasypt-1.9.2.jar:/home/adam/.m2/repository/org/apache/geronimo/javamail/geronimo-javamail_1.4_mail/1.8.4/geronimo-javamail_1.4_mail-1.8.4.jar:/home/adam/.m2/repository/commons-io/commons-io/2.5/commons-io-2.5.jar:/home/adam/.m2/repository/org/apache/ws/security/wss4j/1.6.19/wss4j-1.6.19.jar:/home/adam/.m2/repository/commons-logging/commons-logging/1.1.1/commons-logging-1.1.1.jar:/home/adam/.m2/repository/org/apache/santuario/xmlsec/1.5.8/xmlsec-1.5.8.jar:/home/adam/.m2/repository/org/opensaml/opensaml/2.5.1-1/opensaml-2.5.1-1.jar:/home/adam/.m2/repository/org/opensaml/openws/1.4.2-1/openws-1.4.2-1.jar:/home/adam/.m2/repository/org/opensaml/xmltooling/1.3.2-1/xmltooling-1.3.2-1.jar:/home/adam/.m2/repository/joda-time/joda-time/2.9.9/joda-time-2.9.9.jar:"/>
    <property name="sun.cpu.endian" value="little"/>
    <property name="user.home" value="/home/adam"/>
    <property name="user.language" value="en"/>
    <property name="java.specification.vendor" value="Oracle Corporation"/>
    <property name="java.home" value="/home/adam/javaversions/jdk1.8.0_151/jre"/>
    <property name="basedir" value="/home/adam/Desktop/MATERIALY/springServicePrzayklad/mySoapWebservice"/>
    <property name="file.separator" value="/"/>
    <property name="line.separator" value="&#10;"/>
    <property name="java.vm.specification.vendor" value="Oracle Corporation"/>
    <property name="java.specification.name" value="Java Platform API Specification"/>
    <property name="java.awt.graphicsenv" value="sun.awt.X11GraphicsEnvironment"/>
    <property name="surefire.real.class.path" value="/home/adam/Desktop/MATERIALY/springServicePrzayklad/mySoapWebservice/target/surefire/surefirebooter4303391190768668942.jar"/>
    <property name="sun.boot.class.path" value="/home/adam/javaversions/jdk1.8.0_151/jre/lib/resources.jar:/home/adam/javaversions/jdk1.8.0_151/jre/lib/rt.jar:/home/adam/javaversions/jdk1.8.0_151/jre/lib/sunrsasign.jar:/home/adam/javaversions/jdk1.8.0_151/jre/lib/jsse.jar:/home/adam/javaversions/jdk1.8.0_151/jre/lib/jce.jar:/home/adam/javaversions/jdk1.8.0_151/jre/lib/charsets.jar:/home/adam/javaversions/jdk1.8.0_151/jre/lib/jfr.jar:/home/adam/javaversions/jdk1.8.0_151/jre/classes"/>
    <property name="sun.management.compiler" value="HotSpot 64-Bit Tiered Compilers"/>
    <property name="java.runtime.version" value="1.8.0_151-b12"/>
    <property name="user.name" value="adam"/>
    <property name="path.separator" value=":"/>
    <property name="os.version" value="4.13.0-43-generic"/>
    <property name="java.endorsed.dirs" value="/home/adam/javaversions/jdk1.8.0_151/jre/lib/endorsed"/>
    <property name="java.runtime.name" value="Java(TM) SE Runtime Environment"/>
    <property name="file.encoding" value="UTF-8"/>
    <property name="java.vm.name" value="Java HotSpot(TM) 64-Bit Server VM"/>
    <property name="localRepository" value="/home/adam/.m2/repository"/>
    <property name="java.vendor.url.bug" value="http://bugreport.sun.com/bugreport/"/>
    <property name="java.io.tmpdir" value="/tmp"/>
    <property name="java.version" value="1.8.0_151"/>
    <property name="user.dir" value="/home/adam/Desktop/MATERIALY/springServicePrzayklad/mySoapWebservice"/>
    <property name="os.arch" value="amd64"/>
    <property name="java.vm.specification.name" value="Java Virtual Machine Specification"/>
    <property name="java.awt.printerjob" value="sun.print.PSPrinterJob"/>
    <property name="sun.os.patch.level" value="unknown"/>
    <property name="java.library.path" value="/usr/java/packages/lib/amd64:/usr/lib64:/lib64:/lib:/usr/lib"/>
    <property name="java.vm.info" value="mixed mode"/>
    <property name="java.vendor" value="Oracle Corporation"/>
    <property name="java.vm.version" value="25.151-b12"/>
    <property name="java.ext.dirs" value="/home/adam/javaversions/jdk1.8.0_151/jre/lib/ext:/usr/java/packages/lib/ext"/>
    <property name="sun.io.unicode.encoding" value="UnicodeLittle"/>
    <property name="java.class.version" value="52.0"/>
  </properties>
  <testcase name="testCentimetersToMetersEndpoint" classname="application.endpoint.ConverterEndpointUnitTests" time="0.069"/>
  <testcase name="testKilometersToMiles" classname="application.endpoint.ConverterEndpointUnitTests" time="0.001"/>
  <testcase name="testInchesToMeters" classname="application.endpoint.ConverterEndpointUnitTests" time="0.002"/>
  <testcase name="testMetersToInches" classname="application.endpoint.ConverterEndpointUnitTests" time="0.003"/>
  <testcase name="testMetersToCentimetersEndpoint" classname="application.endpoint.ConverterEndpointUnitTests" time="0.003"/>
  <testcase name="testMilesToKilometers" classname="application.endpoint.ConverterEndpointUnitTests" time="0.003"/>
</testsuite>